schedule run2021-11-14 13:11:24<br>schedule run2021-11-14 13:11:24<br>schedule run2021-11-14 13:11:24<br>schedule run2021-11-14 13:11:24<br>schedule run2021-11-14 13:11:24<br>schedule run2021-11-14 13:11:24<br>schedule run2021-11-14 13:11:24<br>schedule run2021-11-14 13:11:24<br>shell_execshell_execshell_execshell_execshell_execshell_execshell_execshell_exec







                                           
                                           
                                           
  The "--max-time" option does not exist.  
                                           

                                           
  The "--max-time" option does not exist.  
                                           

  The "--max-time" option does not exist.  
                                           

                                           
  The "--max-time" option does not exist.  
                                           

                                           
  The "--max-time" option does not exist.  
                                           

                                           
  The "--max-time" option does not exist.  
                                           

                                           
  The "--max-time" option does not exist.  
                                           

  The "--max-time" option does not exist.  
                                           

schedule run2021-11-14 13:11:27<br>schedule run2021-11-14 13:11:27<br>schedule run2021-11-14 13:11:27<br>schedule run2021-11-14 13:11:27<br>schedule run2021-11-14 13:11:27<br>schedule run2021-11-14 13:11:27<br>schedule run2021-11-14 13:11:27<br>schedule run2021-11-14 13:11:27<br>shell_execshell_execshell_execshell_execshell_execshell_execshell_execshell_exec







                                           
                                           
                                           
  The "--max-time" option does not exist.  
                                           

                                           
  The "--max-time" option does not exist.  
                                           

  The "--max-time" option does not exist.  
                                           

                                           
  The "--max-time" option does not exist.  
                                           

                                           
  The "--max-time" option does not exist.  
                                           

                                           
  The "--max-time" option does not exist.  
                                           

                                           
  The "--max-time" option does not exist.  
                                           

  The "--max-time" option does not exist.  
                                           

schedule run2021-11-14 13:11:31<br>schedule run2021-11-14 13:11:31<br>schedule run2021-11-14 13:11:31<br>schedule run2021-11-14 13:11:31<br>schedule run2021-11-14 13:11:31<br>schedule run2021-11-14 13:11:31<br>schedule run2021-11-14 13:11:31<br>schedule run2021-11-14 13:11:31<br>shell_execshell_execshell_execshell_execshell_execshell_execshell_execshell_exec




                                           
  The "--max-time" option does not exist.  
                                           

                                           
  The "--max-time" option does not exist.  
                                           

                                           
  The "--max-time" option does not exist.  
                                           


                                           
  The "--max-time" option does not exist.  
                                           

                                           
  The "--max-time" option does not exist.  
                                           

                                           
  The "--max-time" option does not exist.  
                                           


                                           
  The "--max-time" option does not exist.  
                                           


                                           
  The "--max-time" option does not exist.  
                                           

schedule run2021-11-14 13:11:34<br>schedule run2021-11-14 13:11:34<br>schedule run2021-11-14 13:11:34<br>schedule run2021-11-14 13:11:34<br>schedule run2021-11-14 13:11:34<br>schedule run2021-11-14 13:11:34<br>schedule run2021-11-14 13:11:34<br>schedule run2021-11-14 13:11:34<br>shell_execshell_execshell_execshell_execshell_execshell_execshell_execshell_exec


                                           

                                           
  The "--max-time" option does not exist.  
                                           

                                           
  The "--max-time" option does not exist.  
                                           


                                           
  The "--max-time" option does not exist.  
                                           

                                           
  The "--max-time" option does not exist.  
                                           


                                           
  The "--max-time" option does not exist.  
                                           



                                           
  The "--max-time" option does not exist.  
                                           

                                           
  The "--max-time" option does not exist.  
                                           

  The "--max-time" option does not exist.  
                                           

schedule run2021-11-14 13:11:37<br>schedule run2021-11-14 13:11:37<br>schedule run2021-11-14 13:11:37<br>schedule run2021-11-14 13:11:37<br>schedule run2021-11-14 13:11:37<br>schedule run2021-11-14 13:11:37<br>schedule run2021-11-14 13:11:37<br>schedule run2021-11-14 13:11:37<br>shell_execshell_execshell_execshell_execshell_execshell_execshell_execshell_exec


                                           
  The "--max-time" option does not exist.  
                                           

                                           

                                           
  The "--max-time" option does not exist.  
                                           

                                           
  The "--max-time" option does not exist.  
                                           


                                           
  The "--max-time" option does not exist.  
                                           

  The "--max-time" option does not exist.  
                                           



                                           
  The "--max-time" option does not exist.  
                                           

                                           
  The "--max-time" option does not exist.  
                                           


                                           
  The "--max-time" option does not exist.  
                                           

schedule run2021-11-14 13:11:40<br>schedule run2021-11-14 13:11:40<br>schedule run2021-11-14 13:11:40<br>schedule run2021-11-14 13:11:40<br>schedule run2021-11-14 13:11:40<br>schedule run2021-11-14 13:11:40<br>schedule run2021-11-14 13:11:40<br>schedule run2021-11-14 13:11:40<br>shell_execshell_execshell_execshell_execshell_execshell_execshell_execshell_exec







                                           
  The "--max-time" option does not exist.  
                                           

                                           
  The "--max-time" option does not exist.  
                                           

                                           
  The "--max-time" option does not exist.  
                                           

                                           
  The "--max-time" option does not exist.  
                                           

                                           
  The "--max-time" option does not exist.  
                                           

                                           
  The "--max-time" option does not exist.  
                                           

                                           
  The "--max-time" option does not exist.  
                                           

                                           
  The "--max-time" option does not exist.  
                                           

schedule run2021-11-14 13:11:43<br>schedule run2021-11-14 13:11:43<br>schedule run2021-11-14 13:11:43<br>schedule run2021-11-14 13:11:43<br>schedule run2021-11-14 13:11:43<br>schedule run2021-11-14 13:11:43<br>schedule run2021-11-14 13:11:43<br>schedule run2021-11-14 13:11:43<br>shell_execshell_execshell_execshell_execshell_execshell_execshell_execshell_exec







                                           
                                           
  The "--max-time" option does not exist.  
                                           

                                           
  The "--max-time" option does not exist.  
                                           

  The "--max-time" option does not exist.  
                                           

                                           
  The "--max-time" option does not exist.  
                                           

                                           
  The "--max-time" option does not exist.  
                                           

                                           
  The "--max-time" option does not exist.  
                                           

                                           
  The "--max-time" option does not exist.  
                                           

                                           
  The "--max-time" option does not exist.  
                                           

schedule run2021-11-14 13:11:46<br>schedule run2021-11-14 13:11:46<br>schedule run2021-11-14 13:11:46<br>schedule run2021-11-14 13:11:46<br>schedule run2021-11-14 13:11:46<br>schedule run2021-11-14 13:11:46<br>schedule run2021-11-14 13:11:46<br>schedule run2021-11-14 13:11:46<br>shell_execshell_execshell_execshell_execshell_execshell_execshell_execshell_exec
                                           
  The "--max-time" option does not exist.  
                                           


                                           
  The "--max-time" option does not exist.  
                                           


                                           
  The "--max-time" option does not exist.  
                                           




                                           
  The "--max-time" option does not exist.  
                                           


                                           
  The "--max-time" option does not exist.  
                                           


                                           
  The "--max-time" option does not exist.  
                                           

                                           
  The "--max-time" option does not exist.  
                                           

                                           
  The "--max-time" option does not exist.  
                                           

schedule run2021-11-14 13:11:49<br>schedule run2021-11-14 13:11:49<br>schedule run2021-11-14 13:11:49<br>schedule run2021-11-14 13:11:49<br>schedule run2021-11-14 13:11:49<br>schedule run2021-11-14 13:11:49<br>schedule run2021-11-14 13:11:49<br>schedule run2021-11-14 13:11:49<br>shell_execshell_execshell_execshell_execshell_execshell_execshell_execshell_exec
                                           
  The "--max-time" option does not exist.  
                                           


                                           

                                           
  The "--max-time" option does not exist.  
                                           



                                           
  The "--max-time" option does not exist.  
                                           



                                           
  The "--max-time" option does not exist.  
                                           

                                           
  The "--max-time" option does not exist.  
                                           

                                           
  The "--max-time" option does not exist.  
                                           


                                           
  The "--max-time" option does not exist.  
                                           

  The "--max-time" option does not exist.  
                                           

schedule run2021-11-14 13:11:53<br>schedule run2021-11-14 13:11:53<br>schedule run2021-11-14 13:11:53<br>schedule run2021-11-14 13:11:53<br>schedule run2021-11-14 13:11:53<br>schedule run2021-11-14 13:11:53<br>schedule run2021-11-14 13:11:53<br>schedule run2021-11-14 13:11:53<br>shell_execshell_execshell_execshell_execshell_execshell_execshell_execshell_exec




                                           
  The "--max-time" option does not exist.  
                                           


                                           
  The "--max-time" option does not exist.  
                                           

                                           
  The "--max-time" option does not exist.  
                                           

                                           
  The "--max-time" option does not exist.  
                                           

                                           
  The "--max-time" option does not exist.  
                                           

                                           
  The "--max-time" option does not exist.  
                                           



                                           
  The "--max-time" option does not exist.  
                                           

                                           
  The "--max-time" option does not exist.  
                                           

schedule run2021-11-14 13:11:56<br>schedule run2021-11-14 13:11:56<br>schedule run2021-11-14 13:11:56<br>schedule run2021-11-14 13:11:56<br>schedule run2021-11-14 13:11:56<br>schedule run2021-11-14 13:11:56<br>schedule run2021-11-14 13:11:56<br>schedule run2021-11-14 13:11:56<br>shell_execshell_execshell_execshell_execshell_execshell_execshell_execshell_exec

                                           
  The "--max-time" option does not exist.  
                                           


                                           
  The "--max-time" option does not exist.  
                                           

                                           
  The "--max-time" option does not exist.  
                                           


                                           
  The "--max-time" option does not exist.  
                                           


                                           
  The "--max-time" option does not exist.  
                                           


                                           
  The "--max-time" option does not exist.  
                                           


                                           
  The "--max-time" option does not exist.  
                                           


                                           
  The "--max-time" option does not exist.  
                                           

schedule run2021-11-14 13:11:56<br>schedule run2021-11-14 13:11:56<br>shell_execshell_exec
                                           
  The "--max-time" option does not exist.  
                                           


                                           
  The "--max-time" option does not exist.  
                                           

schedule run2021-11-14 13:11:57<br>schedule run2021-11-14 13:11:57<br>schedule run2021-11-14 13:11:57<br>shell_execshell_execshell_exec


                                           
                                           
  The "--max-time" option does not exist.  
                                           

  The "--max-time" option does not exist.  
                                           

                                           
  The "--max-time" option does not exist.  
                                           

schedule run2021-11-14 13:11:58<br>schedule run2021-11-14 13:11:58<br>schedule run2021-11-14 13:11:58<br>schedule run2021-11-14 13:11:58<br>schedule run2021-11-14 13:11:58<br>shell_execshell_execshell_execshell_execshell_exec
                                           
  The "--max-time" option does not exist.  
                                           


                                           
  The "--max-time" option does not exist.  
                                           


                                           
  The "--max-time" option does not exist.  

                                           

                                           
  The "--max-time" option does not exist.  
                                           


                                           
  The "--max-time" option does not exist.  
                                           

schedule run2021-11-14 13:11:59<br>schedule run2021-11-14 13:11:59<br>schedule run2021-11-14 13:11:59<br>shell_execshell_execshell_exec

                                           
  The "--max-time" option does not exist.  
                                           


                                           
  The "--max-time" option does not exist.  
                                           

                                           
  The "--max-time" option does not exist.  
                                           

schedule run2021-11-14 13:12:01<br>schedule run2021-11-14 13:12:01<br>schedule run2021-11-14 13:12:01<br>schedule run2021-11-14 13:12:01<br>schedule run2021-11-14 13:12:01<br>schedule run2021-11-14 13:12:01<br>shell_execshell_execschedule run2021-11-14 13:12:01<br>shell_execschedule run2021-11-14 13:12:01<br>shell_execshell_execshell_execshell_execshell_exec
                                           

  The "--max-time" option does not exist.  
                                           

                                           
  The "--max-time" option does not exist.  
                                           


                                           

                                           
  The "--max-time" option does not exist.  
                                           

  The "--max-time" option does not exist.  
                                           


                                           
  The "--max-time" option does not exist.  
                                           


                                           
  The "--max-time" option does not exist.  
                                           


                                           
  The "--max-time" option does not exist.  
                                           


                                           
  The "--max-time" option does not exist.  
                                           

schedule run2021-11-14 13:12:02<br>schedule run2021-11-14 13:12:02<br>schedule run2021-11-14 13:12:02<br>schedule run2021-11-14 13:12:02<br>schedule run2021-11-14 13:12:02<br>schedule run2021-11-14 13:12:02<br>shell_execshell_execshell_execschedule run2021-11-14 13:12:02<br>shell_execshell_execshell_execshell_exec
                                           
  The "--max-time" option does not exist.  
                                           

                                           
  The "--max-time" option does not exist.  
                                           


                                           


                                           
  The "--max-time" option does not exist.  
                                           

  The "--max-time" option does not exist.  
                                           



                                           
  The "--max-time" option does not exist.  
                                           

                                           
  The "--max-time" option does not exist.  
                                           


                                           
  The "--max-time" option does not exist.  
                                           

schedule run2021-11-14 13:12:04<br>schedule run2021-11-14 13:12:04<br>schedule run2021-11-14 13:12:04<br>schedule run2021-11-14 13:12:04<br>schedule run2021-11-14 13:12:04<br>schedule run2021-11-14 13:12:04<br>shell_execshell_execshell_execshell_execshell_execshell_exec


                                           
  The "--max-time" option does not exist.  
                                           

                                           
  The "--max-time" option does not exist.  
                                           

                                           
  The "--max-time" option does not exist.  
                                           


                                           
  The "--max-time" option does not exist.  
                                           


                                           
  The "--max-time" option does not exist.  
                                           


                                           
  The "--max-time" option does not exist.  
                                           

schedule run2021-11-14 13:12:04<br>shell_exec
                                           
  The "--max-time" option does not exist.  
                                           

schedule run2021-11-14 13:12:06<br>shell_exec
                                           
  The "--max-time" option does not exist.  
                                           

schedule run2021-11-14 13:12:06<br>shell_exec
                                           
  The "--max-time" option does not exist.  
                                           

schedule run2021-11-14 13:12:07<br>schedule run2021-11-14 13:12:07<br>schedule run2021-11-14 13:12:07<br>schedule run2021-11-14 13:12:07<br>schedule run2021-11-14 13:12:07<br>schedule run2021-11-14 13:12:07<br>shell_execshell_execshell_execshell_execshell_execshell_exec


                                           
  The "--max-time" option does not exist.  
                                           

                                           
  The "--max-time" option does not exist.  
                                           


                                           
  The "--max-time" option does not exist.  
                                           

                                           
  The "--max-time" option does not exist.  
                                           


                                           
  The "--max-time" option does not exist.  
                                           


                                           
  The "--max-time" option does not exist.  
                                           

schedule run2021-11-14 13:12:08<br>shell_exec
                                           
  The "--max-time" option does not exist.  
                                           

schedule run2021-11-14 13:12:10<br>shell_exec
                                           
  The "--max-time" option does not exist.  
                                           

schedule run2021-11-14 13:12:11<br>schedule run2021-11-14 13:12:11<br>schedule run2021-11-14 13:12:11<br>schedule run2021-11-14 13:12:11<br>schedule run2021-11-14 13:12:11<br>schedule run2021-11-14 13:12:11<br>shell_execshell_execshell_execshell_execshell_execshell_exec

                                           
  The "--max-time" option does not exist.  
                                           

                                           
  The "--max-time" option does not exist.  
                                           


                                           
  The "--max-time" option does not exist.  
                                           


                                           


                                           
  The "--max-time" option does not exist.  
                                           

  The "--max-time" option does not exist.  
                                           

                                           
  The "--max-time" option does not exist.  
                                           

schedule run2021-11-14 13:12:12<br>shell_exec
                                           
  The "--max-time" option does not exist.  
                                           

schedule run2021-11-14 13:12:14<br>shell_exec
                                           
  The "--max-time" option does not exist.  
                                           

schedule run2021-11-14 13:12:16<br>shell_exec
                                           
  The "--max-time" option does not exist.  
                                           

schedule run2021-11-14 13:12:18<br>shell_exec
                                           
  The "--max-time" option does not exist.  
                                           

schedule run2021-11-14 13:12:20<br>shell_exec
                                           
  The "--max-time" option does not exist.  
                                           

schedule run2021-11-14 13:12:22<br>shell_exec
                                           
  The "--max-time" option does not exist.  
                                           

schedule run2021-11-14 13:12:25<br>shell_exec
                                           
  The "--max-time" option does not exist.  
                                           

schedule run2021-11-14 13:12:27<br>shell_exec
                                           
  The "--max-time" option does not exist.  
                                           

schedule run2021-11-14 13:12:29<br>shell_exec
                                           
  The "--max-time" option does not exist.  
                                           

schedule run2021-11-14 13:12:31<br>shell_exec
                                           
  The "--max-time" option does not exist.  
                                           

schedule run2021-11-14 13:12:33<br>shell_exec
                                           
  The "--max-time" option does not exist.  
                                           

schedule run2021-11-14 13:12:35<br>shell_exec
                                           
  The "--max-time" option does not exist.  
                                           

schedule run2021-11-14 13:12:37<br>shell_exec
                                           
  The "--max-time" option does not exist.  
                                           

schedule run2021-11-14 13:12:39<br>shell_exec
                                           
  The "--max-time" option does not exist.  
                                           

schedule run2021-11-14 13:12:42<br>shell_exec
                                           
  The "--max-time" option does not exist.  
                                           

schedule run2021-11-14 13:12:44<br>shell_exec
                                           
  The "--max-time" option does not exist.  
                                           

schedule run2021-11-14 13:12:46<br>shell_exec
                                           
  The "--max-time" option does not exist.  
                                           

schedule run2021-11-14 13:12:48<br>shell_exec
                                           
  The "--max-time" option does not exist.  
                                           

schedule run2021-11-14 13:12:50<br>shell_exec
                                           
  The "--max-time" option does not exist.  
                                           

schedule run2021-11-14 13:12:52<br>shell_exec
                                           
  The "--max-time" option does not exist.  
                                           

schedule run2021-11-14 13:12:54<br>shell_exec
                                           
  The "--max-time" option does not exist.  
                                           

schedule run2021-11-14 13:12:56<br>shell_exec
                                           
  The "--max-time" option does not exist.  
                                           

schedule run2021-11-14 13:12:59<br>shell_exec
                                           
  The "--max-time" option does not exist.  
                                           

schedule run2021-11-14 13:13:01<br>shell_exec
                                           
  The "--max-time" option does not exist.  
                                           

schedule run2021-11-14 13:13:03<br>shell_exec
                                           
  The "--max-time" option does not exist.  
                                           

schedule run2021-11-14 13:13:05<br>shell_exec
                                           
  The "--max-time" option does not exist.  
                                           

schedule run2021-11-14 13:13:07<br>shell_exec
                                           
  The "--max-time" option does not exist.  
                                           

schedule run2021-11-14 13:13:09<br>shell_exec
                                           
  The "--max-time" option does not exist.  
                                           

schedule run2021-11-14 13:13:11<br>shell_exec
                                           
  The "--max-time" option does not exist.  
                                           

schedule run2021-11-14 13:13:14<br>shell_exec
                                           
  The "--max-time" option does not exist.  
                                           

schedule run2021-11-14 13:13:16<br>shell_exec
                                           
  The "--max-time" option does not exist.  
                                           

schedule run2021-11-14 13:13:18<br>shell_exec
                                           
  The "--max-time" option does not exist.  
                                           

schedule run2021-11-14 13:13:20<br>shell_exec
                                           
  The "--max-time" option does not exist.  
                                           

schedule run2021-11-14 13:13:22<br>shell_exec
                                           
  The "--max-time" option does not exist.  
                                           

schedule run2021-11-14 13:13:24<br>shell_exec
                                           
  The "--max-time" option does not exist.  
                                           

schedule run2021-11-14 13:13:26<br>shell_exec
                                           
  The "--max-time" option does not exist.  
                                           

schedule run2021-11-14 13:13:28<br>shell_exec
                                           
  The "--max-time" option does not exist.  
                                           

schedule run2021-11-14 13:13:31<br>shell_exec
                                           
  The "--max-time" option does not exist.  
                                           

schedule run2021-11-14 13:13:33<br>shell_exec
                                           
  The "--max-time" option does not exist.  
                                           

schedule run2021-11-14 13:13:35<br>shell_exec
                                           
  The "--max-time" option does not exist.  
                                           

schedule run2021-11-14 13:13:37<br>shell_exec
                                           
  The "--max-time" option does not exist.  
                                           

schedule run2021-11-14 13:13:39<br>shell_exec
                                           
  The "--max-time" option does not exist.  
                                           

schedule run2021-11-14 13:13:41<br>shell_exec
                                           
  The "--max-time" option does not exist.  
                                           

schedule run2021-11-14 13:13:43<br>shell_exec
                                           
  The "--max-time" option does not exist.  
                                           

schedule run2021-11-14 13:13:45<br>shell_exec
                                           
  The "--max-time" option does not exist.  
                                           

schedule run2021-11-14 13:13:48<br>shell_exec
                                           
  The "--max-time" option does not exist.  
                                           

schedule run2021-11-14 13:13:50<br>shell_exec
                                           
  The "--max-time" option does not exist.  
                                           

schedule run2021-11-14 13:13:52<br>shell_exec
                                           
  The "--max-time" option does not exist.  
                                           

schedule run2021-11-14 13:13:54<br>shell_exec
                                           
  The "--max-time" option does not exist.  
                                           

schedule run2021-11-14 13:13:56<br>shell_exec
                                           
  The "--max-time" option does not exist.  
                                           

schedule run2021-11-14 13:13:58<br>shell_exec
                                           
  The "--max-time" option does not exist.  
                                           

schedule run2021-11-14 13:14:00<br>shell_exec
                                           
  The "--max-time" option does not exist.  
                                           

schedule run2021-11-14 13:14:02<br>shell_exec
                                           
  The "--max-time" option does not exist.  
                                           

schedule run2021-11-14 13:14:05<br>shell_exec
                                           
  The "--max-time" option does not exist.  
                                           

schedule run2021-11-14 13:14:07<br>shell_exec
                                           
  The "--max-time" option does not exist.  
                                           

schedule run2021-11-14 13:14:09<br>shell_exec
                                           
  The "--max-time" option does not exist.  
                                           

schedule run2021-11-14 13:14:11<br>shell_exec
                                           
  The "--max-time" option does not exist.  
                                           

schedule run2021-11-14 13:14:13<br>shell_exec
                                           
  The "--max-time" option does not exist.  
                                           

schedule run2021-11-14 13:14:15<br>shell_exec
                                           
  The "--max-time" option does not exist.  
                                           

schedule run2021-11-14 13:14:17<br>shell_exec
                                           
  The "--max-time" option does not exist.  
                                           

schedule run2021-11-14 13:14:19<br>shell_exec
                                           
  The "--max-time" option does not exist.  
                                           

schedule run2021-11-14 13:14:21<br>shell_exec
                                           
  The "--max-time" option does not exist.  
                                           

schedule run2021-11-14 13:14:24<br>schedule run2021-11-14 13:14:24<br>schedule run2021-11-14 13:14:24<br>schedule run2021-11-14 13:14:24<br>schedule run2021-11-14 13:14:24<br>schedule run2021-11-14 13:14:24<br>schedule run2021-11-14 13:14:24<br>schedule run2021-11-14 13:14:24<br>shell_execshell_execshell_execshell_execshell_execshell_execshell_execshell_exec[2021-11-14 13:14:25] Processing: App\Jobs\ProcessEmails
[2021-11-14 13:14:25] Processing: App\Jobs\ProcessEmails
[2021-11-14 13:14:25] Processing: App\Jobs\ProcessEmails
[2021-11-14 13:14:25] Processing: App\Jobs\ProcessEmails
[2021-11-14 13:14:25] Processing: App\Jobs\ProcessEmails
[2021-11-14 13:14:25] Processing: App\Jobs\ProcessEmails
[2021-11-14 13:14:25] Processing: App\Jobs\ProcessEmails
[2021-11-14 13:14:25] Processing: App\Jobs\ProcessEmails
[2021-11-14 13:14:28] Processed:  App\Jobs\ProcessEmails
[2021-11-14 13:14:28] Processed:  App\Jobs\ProcessEmails
[2021-11-14 13:14:28] Processing: App\Jobs\ProcessEmails
[2021-11-14 13:14:28] Processing: App\Jobs\ProcessEmails
[2021-11-14 13:14:29] Processed:  App\Jobs\ProcessEmails
[2021-11-14 13:14:29] Processed:  App\Jobs\ProcessEmails
[2021-11-14 13:14:30] Processed:  App\Jobs\ProcessEmails
[2021-11-14 13:14:30] Processing: App\Jobs\ProcessEmails
[2021-11-14 13:14:30] Processing: App\Jobs\ProcessEmails
[2021-11-14 13:14:37] Processed:  App\Jobs\ProcessEmails
[2021-11-14 13:14:46] Processed:  App\Jobs\ProcessEmails
[2021-11-14 13:14:48] Processed:  App\Jobs\ProcessEmails
[2021-11-14 13:14:53] Processed:  App\Jobs\ProcessEmails
[2021-11-14 13:14:54] Processed:  App\Jobs\ProcessEmails
[2021-11-14 13:16:19] Processing: App\Jobs\ProcessEmails
[2021-11-14 13:16:19] Processing: App\Jobs\ProcessEmails
[2021-11-14 13:16:19] Processed:  App\Jobs\ProcessEmails
[2021-11-14 13:16:19] Processed:  App\Jobs\ProcessEmails
[2021-11-14 13:17:28] Processing: App\Jobs\ProcessEmails
[2021-11-14 13:17:28] Processing: App\Jobs\ProcessEmails
[2021-11-14 13:17:28] Failed:     App\Jobs\ProcessEmails
[2021-11-14 13:17:28] Failed:     App\Jobs\ProcessEmails
[2021-11-14 13:17:28] Processing: App\Jobs\ProcessEmails
[2021-11-14 13:17:28] Processing: App\Jobs\ProcessEmails
[2021-11-14 13:17:28] Failed:     App\Jobs\ProcessEmails
[2021-11-14 13:17:28] Failed:     App\Jobs\ProcessEmails
schedule run2021-11-14 13:31:43<br>schedule run2021-11-14 13:31:43<br>schedule run2021-11-14 13:31:43<br>schedule run2021-11-14 13:31:43<br>schedule run2021-11-14 13:31:43<br>schedule run2021-11-14 13:31:43<br>schedule run2021-11-14 13:31:43<br>schedule run2021-11-14 13:31:43<br>shell_execshell_execshell_execshell_execshell_execshell_execshell_execshell_execschedule run2021-11-14 13:35:54<br>schedule run2021-11-14 13:35:54<br>schedule run2021-11-14 13:35:54<br>schedule run2021-11-14 13:35:54<br>schedule run2021-11-14 13:35:54<br>schedule run2021-11-14 13:35:54<br>schedule run2021-11-14 13:35:54<br>schedule run2021-11-14 13:35:54<br>shell_execshell_execshell_execshell_execshell_execshell_execshell_execshell_execschedule run2021-11-14 13:38:17<br>schedule run2021-11-14 13:38:17<br>schedule run2021-11-14 13:38:17<br>schedule run2021-11-14 13:38:17<br>schedule run2021-11-14 13:38:17<br>schedule run2021-11-14 13:38:17<br>schedule run2021-11-14 13:38:17<br>schedule run2021-11-14 13:38:17<br>shell_execshell_execshell_execshell_execshell_execshell_execshell_execshell_exec[2021-11-14 13:40:30] Processing: App\Jobs\ProcessEmails
[2021-11-14 13:40:30] Processing: App\Jobs\ProcessEmails
[2021-11-14 13:40:30] Processing: App\Jobs\ProcessEmails
[2021-11-14 13:40:30] Processing: App\Jobs\ProcessEmails
[2021-11-14 13:40:30] Processing: App\Jobs\ProcessEmails
[2021-11-14 13:40:32] Processed:  App\Jobs\ProcessEmails
[2021-11-14 13:40:32] Processed:  App\Jobs\ProcessEmails
[2021-11-14 13:40:33] Processed:  App\Jobs\ProcessEmails
[2021-11-14 13:40:34] Processed:  App\Jobs\ProcessEmails
[2021-11-14 13:40:35] Processed:  App\Jobs\ProcessEmails
[2021-11-14 13:43:38] Processing: App\Jobs\ProcessEmails
[2021-11-14 13:43:40] Processed:  App\Jobs\ProcessEmails
[2021-11-14 13:46:47] Processing: App\Jobs\ProcessEmails
[2021-11-14 13:46:49] Processed:  App\Jobs\ProcessEmails
schedule run2021-11-15 10:55:56<br>schedule run2021-11-15 10:55:56<br>schedule run2021-11-15 10:55:56<br>schedule run2021-11-15 10:55:56<br>schedule run2021-11-15 10:55:56<br>schedule run2021-11-15 10:55:56<br>schedule run2021-11-15 10:55:56<br>schedule run2021-11-15 10:55:56<br>shell_execshell_execshell_execshell_execshell_execshell_execshell_execshell_execschedule run2021-11-15 11:07:12<br>schedule run2021-11-15 11:07:12<br>schedule run2021-11-15 11:07:12<br>schedule run2021-11-15 11:07:12<br>schedule run2021-11-15 11:07:12<br>schedule run2021-11-15 11:07:12<br>schedule run2021-11-15 11:07:12<br>schedule run2021-11-15 11:07:12<br>shell_execshell_execshell_execshell_execshell_execshell_execshell_execshell_execschedule run2021-11-15 11:34:26<br>schedule run2021-11-15 11:34:26<br>schedule run2021-11-15 11:34:26<br>schedule run2021-11-15 11:34:26<br>schedule run2021-11-15 11:34:26<br>schedule run2021-11-15 11:34:26<br>schedule run2021-11-15 11:34:26<br>schedule run2021-11-15 11:34:26<br>shell_execshell_execshell_execshell_execshell_execshell_execshell_execshell_execschedule run2021-11-15 11:35:01<br>schedule run2021-11-15 11:35:01<br>schedule run2021-11-15 11:35:01<br>schedule run2021-11-15 11:35:01<br>schedule run2021-11-15 11:35:01<br>schedule run2021-11-15 11:35:01<br>schedule run2021-11-15 11:35:01<br>schedule run2021-11-15 11:35:01<br>shell_execshell_execshell_execshell_execshell_execshell_execshell_execshell_execschedule run2021-11-15 11:39:30<br>schedule run2021-11-15 11:39:30<br>schedule run2021-11-15 11:39:30<br>schedule run2021-11-15 11:39:30<br>schedule run2021-11-15 11:39:30<br>schedule run2021-11-15 11:39:30<br>schedule run2021-11-15 11:39:30<br>schedule run2021-11-15 11:39:30<br>shell_execshell_execshell_execshell_execshell_execshell_execshell_execshell_execschedule run2021-11-15 13:08:57<br>schedule run2021-11-15 13:08:57<br>schedule run2021-11-15 13:08:57<br>schedule run2021-11-15 13:08:57<br>schedule run2021-11-15 13:08:57<br>schedule run2021-11-15 13:08:57<br>schedule run2021-11-15 13:08:57<br>schedule run2021-11-15 13:08:57<br>shell_execshell_execshell_execshell_execshell_execshell_execshell_execshell_exec[2021-11-15 13:12:25] Processing: App\Jobs\ProcessEmails
[2021-11-15 13:12:25] Processing: App\Jobs\ProcessEmails
[2021-11-15 13:12:25] Processing: App\Jobs\ProcessEmails
[2021-11-15 13:12:25] Processing: App\Jobs\ProcessEmails
[2021-11-15 13:12:25] Processing: App\Jobs\ProcessEmails
[2021-11-15 13:12:25] Processing: App\Jobs\ProcessEmails
[2021-11-15 13:12:25] Processing: App\Jobs\ProcessEmails
[2021-11-15 13:12:25] Processing: App\Jobs\ProcessEmails
[2021-11-15 13:12:27] Processed:  App\Jobs\ProcessEmails
[2021-11-15 13:12:28] Processed:  App\Jobs\ProcessEmails
[2021-11-15 13:12:28] Processed:  App\Jobs\ProcessEmails
[2021-11-15 13:12:29] Processed:  App\Jobs\ProcessEmails
[2021-11-15 13:12:29] Processed:  App\Jobs\ProcessEmails
[2021-11-15 13:12:30] Processed:  App\Jobs\ProcessEmails
[2021-11-15 13:12:30] Processed:  App\Jobs\ProcessEmails
[2021-11-15 13:12:33] Processed:  App\Jobs\ProcessEmails
[2021-11-16 18:56:36] Processing: App\Jobs\ProcessEmails
[2021-11-16 18:56:36] Processing: App\Jobs\ProcessEmails
[2021-11-16 18:56:36] Processing: App\Jobs\ProcessEmails
[2021-11-16 18:56:36] Failed:     App\Jobs\ProcessEmails
[2021-11-18 12:24:44] Processing: App\Jobs\ProcessEmails
[2021-11-18 12:24:44] Processing: App\Jobs\ProcessEmails
[2021-11-18 12:24:44] Processing: App\Jobs\ProcessEmails
[2021-11-18 12:24:44] Processing: App\Jobs\ProcessEmails
[2021-11-18 12:24:44] Processing: App\Jobs\ProcessEmails
[2021-11-18 12:24:44] Processing: App\Jobs\ProcessEmails
[2021-11-18 12:24:44] Processing: App\Jobs\ProcessEmails
[2021-11-18 12:24:44] Processing: App\Jobs\ProcessEmails
[2021-11-18 12:24:44] Processing: App\Jobs\ProcessEmails
[2021-11-18 12:24:44] Processing: App\Jobs\ProcessEmails
[2021-11-18 12:24:44] Processing: App\Jobs\ProcessEmails
[2021-11-18 12:24:44] Processing: App\Jobs\ProcessEmails
[2021-11-18 12:24:44] Failed:     App\Jobs\ProcessEmails
[2021-11-18 12:24:44] Processing: App\Jobs\ProcessEmails
[2021-11-18 12:24:44] Processing: App\Jobs\ProcessEmails
[2021-11-18 12:24:44] Failed:     App\Jobs\ProcessEmails
[2021-11-18 12:24:44] Processing: App\Jobs\ProcessEmails
[2021-11-18 12:24:44] Failed:     App\Jobs\ProcessEmails
[2021-11-18 12:24:44] Processing: App\Jobs\ProcessEmails
[2021-11-18 12:24:44] Processing: App\Jobs\ProcessEmails
[2021-11-18 12:24:44] Failed:     App\Jobs\ProcessEmails
[2021-11-18 12:24:44] Processing: App\Jobs\ProcessEmails
[2021-11-18 12:24:44] Failed:     App\Jobs\ProcessEmails
[2021-11-18 12:24:44] Failed:     App\Jobs\ProcessEmails
[2021-11-18 12:24:44] Failed:     App\Jobs\ProcessEmails
[2021-11-18 12:24:44] Processing: App\Jobs\ProcessEmails
[2021-11-18 12:24:44] Processing: App\Jobs\ProcessEmails
[2021-11-18 12:24:44] Processing: App\Jobs\ProcessEmails
[2021-11-18 12:24:44] Failed:     App\Jobs\ProcessEmails
[2021-11-18 12:24:44] Failed:     App\Jobs\ProcessEmails
[2021-11-18 12:24:44] Failed:     App\Jobs\ProcessEmails
[2021-11-19 12:22:17] Processing: App\Jobs\ProcessEmails
[2021-11-19 12:22:17] Processing: App\Jobs\ProcessEmails
[2021-11-19 12:22:17] Processing: App\Jobs\ProcessEmails
[2021-11-19 12:22:17] Failed:     App\Jobs\ProcessEmails
[2021-11-19 12:34:20] Processing: App\Jobs\ProcessEmails
[2021-11-19 12:34:20] Processing: App\Jobs\ProcessEmails
[2021-11-19 12:34:20] Processing: App\Jobs\ProcessEmails
[2021-11-19 12:34:20] Failed:     App\Jobs\ProcessEmails
[2021-11-29 09:45:34] Processing: App\Jobs\ProcessEmails
[2021-11-29 09:45:34] Processing: App\Jobs\ProcessEmails
[2021-11-29 09:45:34] Processing: App\Jobs\ProcessEmails
[2021-11-29 09:45:34] Processing: App\Jobs\ProcessEmails
[2021-11-29 09:45:34] Processing: App\Jobs\ProcessEmails
[2021-11-29 09:45:34] Processing: App\Jobs\ProcessEmails
[2021-11-29 09:45:34] Failed:     App\Jobs\ProcessEmails
[2021-11-29 09:45:34] Failed:     App\Jobs\ProcessEmails
[2021-11-29 09:52:46] Processing: App\Jobs\ProcessEmails
[2021-11-29 09:52:47] Processing: App\Jobs\ProcessEmails
[2021-11-29 09:52:48] Processing: App\Jobs\ProcessEmails
[2021-11-29 09:52:48] Failed:     App\Jobs\ProcessEmails
[2021-11-29 12:02:53] Processing: App\Jobs\ProcessEmails
[2021-11-29 12:02:53] Processing: App\Jobs\ProcessEmails
[2021-11-29 12:02:53] Processing: App\Jobs\ProcessEmails
[2021-11-29 12:02:53] Processing: App\Jobs\ProcessEmails
[2021-11-29 12:02:53] Processing: App\Jobs\ProcessEmails
[2021-11-29 12:02:53] Processing: App\Jobs\ProcessEmails
[2021-11-29 12:02:53] Failed:     App\Jobs\ProcessEmails
[2021-11-29 12:02:53] Processing: App\Jobs\ProcessEmails
[2021-11-29 12:02:53] Processing: App\Jobs\ProcessEmails
[2021-11-29 12:02:53] Failed:     App\Jobs\ProcessEmails
[2021-11-29 12:02:53] Failed:     App\Jobs\ProcessEmails
[2021-11-29 12:06:07] Processing: App\Jobs\ProcessEmails
[2021-11-29 12:06:07] Processing: App\Jobs\ProcessEmails
[2021-11-29 12:06:07] Processing: App\Jobs\ProcessEmails
[2021-11-29 12:06:07] Failed:     App\Jobs\ProcessEmails
[2021-11-29 12:27:12] Processing: App\Jobs\ProcessEmails
[2021-11-29 12:27:12] Processing: App\Jobs\ProcessEmails
[2021-11-29 12:27:13] Processing: App\Jobs\ProcessEmails
[2021-11-29 12:27:13] Processing: App\Jobs\ProcessEmails
[2021-11-29 12:27:14] Processing: App\Jobs\ProcessEmails
[2021-11-29 12:27:14] Processing: App\Jobs\ProcessEmails
[2021-11-29 12:27:14] Failed:     App\Jobs\ProcessEmails
[2021-11-29 12:27:14] Failed:     App\Jobs\ProcessEmails
[2021-11-29 12:33:29] Processing: App\Jobs\ProcessEmails
[2021-11-29 12:33:30] Processing: App\Jobs\ProcessEmails
[2021-11-29 12:33:30] Processing: App\Jobs\ProcessEmails
[2021-11-29 12:33:31] Failed:     App\Jobs\ProcessEmails
[2021-11-29 12:43:24] Processing: App\Jobs\ProcessEmails
[2021-11-29 12:43:24] Processing: App\Jobs\ProcessEmails
[2021-11-29 12:43:24] Processing: App\Jobs\ProcessEmails
[2021-11-29 12:43:24] Processing: App\Jobs\ProcessEmails
[2021-11-29 12:43:25] Processing: App\Jobs\ProcessEmails
[2021-11-29 12:43:25] Processing: App\Jobs\ProcessEmails
[2021-11-29 12:43:26] Failed:     App\Jobs\ProcessEmails
[2021-11-29 12:43:26] Failed:     App\Jobs\ProcessEmails
[2021-11-29 12:52:02] Processing: App\Jobs\ProcessEmails
[2021-11-29 12:52:04] Processed:  App\Jobs\ProcessEmails
