schedule run2018-08-01 05:58:01<br>[2018-08-01 05:58:01] Processing: App\Jobs\ProcessEmails
[2018-08-01 05:58:07] Processed:  App\Jobs\ProcessEmails
schedule run2018-08-01 06:01:02<br>[2018-08-01 06:04:44] Processing: App\Jobs\ProcessEmails
[2018-08-01 06:04:49] Processed:  App\Jobs\ProcessEmails
[2018-08-01 06:06:16] Processing: App\Jobs\ProcessEmails
[2018-08-01 06:06:21] Processed:  App\Jobs\ProcessEmails
[2018-08-01 06:06:21] Processing: App\Jobs\ProcessEmails
[2018-08-01 06:06:26] Processed:  App\Jobs\ProcessEmails
[2018-08-01 06:16:51] Processing: App\Jobs\ProcessEmails
[2018-08-01 06:16:56] Processed:  App\Jobs\ProcessEmails
schedule run2018-08-01 07:01:01<br>schedule run2018-08-01 08:01:01<br>schedule run2018-08-01 09:01:01<br>schedule run2018-08-02 09:01:01<br>[2018-08-02 09:01:01] Processing: App\Jobs\ProcessEmails
[2018-08-02 09:01:07] Processed:  App\Jobs\ProcessEmails
[2018-08-02 09:01:07] Processing: App\Jobs\ProcessEmails
[2018-08-02 09:01:13] Processed:  App\Jobs\ProcessEmails
[2018-08-02 09:01:13] Processing: App\Jobs\ProcessEmails
[2018-08-02 09:01:18] Processed:  App\Jobs\ProcessEmails
schedule run2018-08-02 10:01:01<br>schedule run2018-08-02 10:34:02<br>[2018-08-02 10:34:02] Processing: App\Jobs\ProcessEmails
[2018-08-02 10:34:07] Processed:  App\Jobs\ProcessEmails
schedule run2021-01-19 22:43:16<br>[2021-01-19 22:43:16] Processing: App\Jobs\ProcessEmails
[2021-01-19 22:43:16] Processing: App\Jobs\ProcessEmails
[2021-01-19 22:43:22] Processed:  App\Jobs\ProcessEmails
[2021-01-19 22:43:22] Processing: App\Jobs\ProcessEmails
[2021-01-19 22:43:22] Processing: App\Jobs\ProcessEmails
[2021-01-19 22:43:22] Processing: App\Jobs\ProcessEmails
[2021-01-19 22:43:22] Processing: App\Jobs\ProcessEmails
[2021-01-19 22:43:22] Processing: App\Jobs\ProcessEmails
[2021-01-19 22:43:22] Processing: App\Jobs\ProcessEmails
[2021-01-19 22:43:22] Processing: App\Jobs\ProcessEmails
[2021-01-19 22:43:22] Processing: App\Jobs\ProcessEmails
[2021-01-19 22:43:22] Processing: App\Jobs\ProcessEmails
[2021-01-19 22:43:22] Processing: App\Jobs\ProcessEmails
[2021-01-19 22:43:22] Processing: App\Jobs\ProcessEmails
[2021-01-19 22:43:22] Processing: App\Jobs\ProcessEmails
[2021-01-19 22:43:22] Processing: App\Jobs\ProcessEmails
[2021-01-19 22:43:22] Processing: App\Jobs\ProcessEmails
[2021-01-19 22:43:22] Processing: App\Jobs\ProcessEmails
[2021-01-19 22:43:22] Processing: App\Jobs\ProcessEmails
[2021-01-19 22:43:22] Processing: App\Jobs\ProcessEmails
[2021-01-19 22:43:22] Processing: App\Jobs\ProcessEmails
[2021-01-19 22:43:22] Processing: App\Jobs\ProcessEmails
[2021-01-19 22:43:22] Processing: App\Jobs\ProcessEmails
[2021-01-19 22:43:26] Processed:  App\Jobs\ProcessEmails
[2021-01-19 22:43:26] Processing: App\Jobs\ProcessEmails
[2021-01-19 22:43:27] Processing: App\Jobs\ProcessEmails
[2021-01-19 22:43:27] Processing: App\Jobs\ProcessEmails
[2021-01-19 22:43:27] Processing: App\Jobs\ProcessEmails
[2021-01-19 22:43:27] Processing: App\Jobs\ProcessEmails
[2021-01-19 22:43:27] Processing: App\Jobs\ProcessEmails
[2021-01-19 22:43:27] Processing: App\Jobs\ProcessEmails
[2021-01-19 22:43:27] Processing: App\Jobs\ProcessEmails
[2021-01-19 22:43:27] Processing: App\Jobs\ProcessEmails
[2021-01-19 22:43:27] Processing: App\Jobs\ProcessEmails
[2021-01-19 22:43:27] Processing: App\Jobs\ProcessEmails
[2021-01-19 22:43:27] Processing: App\Jobs\ProcessEmails
[2021-01-19 22:43:27] Processing: App\Jobs\ProcessEmails
[2021-01-19 22:43:31] Processed:  App\Jobs\ProcessEmails
[2021-01-19 22:43:31] Processing: App\Jobs\ProcessEmails
[2021-01-19 22:43:31] Processing: App\Jobs\ProcessEmails
[2021-01-19 22:43:36] Processed:  App\Jobs\ProcessEmails
[2021-01-19 22:43:36] Processing: App\Jobs\ProcessEmails
[2021-01-19 22:43:36] Processing: App\Jobs\ProcessEmails
[2021-01-19 22:43:36] Processing: App\Jobs\ProcessEmails
[2021-01-19 22:43:36] Processing: App\Jobs\ProcessEmails
[2021-01-19 22:43:36] Processing: App\Jobs\ProcessEmails
[2021-01-19 22:43:36] Processing: App\Jobs\ProcessEmails
[2021-01-19 22:43:36] Processing: App\Jobs\ProcessEmails
[2021-01-19 22:43:36] Processing: App\Jobs\ProcessEmails
[2021-01-19 22:43:36] Processing: App\Jobs\ProcessEmails
[2021-01-19 22:43:36] Processing: App\Jobs\ProcessEmails
[2021-01-19 22:43:36] Processing: App\Jobs\ProcessEmails
[2021-01-19 22:43:36] Processing: App\Jobs\ProcessEmails
[2021-01-19 22:43:36] Processing: App\Jobs\ProcessEmails
[2021-01-19 22:43:36] Processing: App\Jobs\ProcessEmails
[2021-01-19 22:43:36] Processing: App\Jobs\ProcessEmails
[2021-01-19 22:43:36] Processing: App\Jobs\ProcessEmails
[2021-01-19 22:43:36] Processing: App\Jobs\ProcessEmails
[2021-01-19 22:43:36] Processing: App\Jobs\ProcessEmails
[2021-01-19 22:43:36] Processing: App\Jobs\ProcessEmails
[2021-01-19 22:43:36] Processing: App\Jobs\ProcessEmails
[2021-01-19 22:43:36] Processing: App\Jobs\ProcessEmails
[2021-01-19 22:43:36] Processing: App\Jobs\ProcessEmails
[2021-01-19 22:43:36] Processing: App\Jobs\ProcessEmails
[2021-01-19 22:43:36] Processing: App\Jobs\ProcessEmails
[2021-01-19 22:43:36] Processing: App\Jobs\ProcessEmails
[2021-01-19 22:43:36] Processing: App\Jobs\ProcessEmails
[2021-01-19 22:43:36] Processing: App\Jobs\ProcessEmails
[2021-01-19 22:43:36] Processing: App\Jobs\ProcessEmails
[2021-01-19 22:43:36] Processing: App\Jobs\ProcessEmails
[2021-01-19 22:43:36] Processing: App\Jobs\ProcessEmails
[2021-01-19 22:43:36] Processing: App\Jobs\ProcessEmails
[2021-01-19 22:43:36] Processing: App\Jobs\ProcessEmails
[2021-01-19 22:43:36] Processing: App\Jobs\ProcessEmails
[2021-01-19 22:43:36] Processing: App\Jobs\ProcessEmails
[2021-01-19 22:43:36] Failed:     App\Jobs\ProcessEmails
[2021-01-19 22:43:36] Processing: App\Jobs\ProcessEmails
[2021-01-19 22:43:36] Failed:     App\Jobs\ProcessEmails
[2021-01-19 22:43:36] Processing: App\Jobs\ProcessEmails
[2021-01-19 22:43:36] Failed:     App\Jobs\ProcessEmails
[2021-01-19 22:43:36] Processing: App\Jobs\ProcessEmails
[2021-01-19 22:43:36] Failed:     App\Jobs\ProcessEmails
[2021-01-19 22:43:36] Processing: App\Jobs\ProcessEmails
[2021-01-19 22:43:36] Failed:     App\Jobs\ProcessEmails
[2021-01-19 22:43:36] Processing: App\Jobs\ProcessEmails
[2021-01-19 22:43:36] Failed:     App\Jobs\ProcessEmails
[2021-01-19 22:43:36] Processing: App\Jobs\ProcessEmails
[2021-01-19 22:43:36] Failed:     App\Jobs\ProcessEmails
[2021-01-19 22:43:36] Processing: App\Jobs\ProcessEmails
[2021-01-19 22:43:36] Failed:     App\Jobs\ProcessEmails
[2021-01-19 22:43:36] Processing: App\Jobs\ProcessEmails
[2021-01-19 22:43:36] Failed:     App\Jobs\ProcessEmails
[2021-01-19 22:43:36] Processing: App\Jobs\ProcessEmails
[2021-01-19 22:43:36] Failed:     App\Jobs\ProcessEmails
[2021-01-19 22:43:36] Processing: App\Jobs\ProcessEmails
[2021-01-19 22:43:36] Failed:     App\Jobs\ProcessEmails
[2021-01-19 22:43:36] Processing: App\Jobs\ProcessEmails
[2021-01-19 22:43:36] Failed:     App\Jobs\ProcessEmails
[2021-01-19 22:43:36] Processing: App\Jobs\ProcessEmails
[2021-01-19 22:43:36] Failed:     App\Jobs\ProcessEmails
[2021-01-19 22:43:36] Processing: App\Jobs\ProcessEmails
[2021-01-19 22:43:36] Failed:     App\Jobs\ProcessEmails
[2021-01-19 22:43:36] Processing: App\Jobs\ProcessEmails
[2021-01-19 22:43:36] Failed:     App\Jobs\ProcessEmails
[2021-01-19 22:43:36] Processing: App\Jobs\ProcessEmails
[2021-01-19 22:43:36] Failed:     App\Jobs\ProcessEmails
[2021-01-19 22:43:36] Processing: App\Jobs\ProcessEmails
[2021-01-19 22:43:36] Failed:     App\Jobs\ProcessEmails
[2021-01-19 22:43:36] Processing: App\Jobs\ProcessEmails
[2021-01-19 22:43:36] Failed:     App\Jobs\ProcessEmails
[2021-01-19 22:43:36] Processing: App\Jobs\ProcessEmails
[2021-01-19 22:43:36] Failed:     App\Jobs\ProcessEmails
[2021-01-19 22:43:36] Processing: App\Jobs\ProcessEmails
[2021-01-19 22:43:36] Failed:     App\Jobs\ProcessEmails
[2021-01-19 22:43:36] Processing: App\Jobs\ProcessEmails
[2021-01-19 22:43:36] Failed:     App\Jobs\ProcessEmails
[2021-01-19 22:43:36] Processing: App\Jobs\ProcessEmails
[2021-01-19 22:43:36] Failed:     App\Jobs\ProcessEmails
[2021-01-19 22:43:36] Processing: App\Jobs\ProcessEmails
[2021-01-19 22:43:36] Failed:     App\Jobs\ProcessEmails
[2021-01-19 22:43:36] Processing: App\Jobs\ProcessEmails
[2021-01-19 22:43:36] Failed:     App\Jobs\ProcessEmails
[2021-01-19 22:43:36] Processing: App\Jobs\ProcessEmails
[2021-01-19 22:43:36] Failed:     App\Jobs\ProcessEmails
[2021-01-19 22:43:36] Processing: App\Jobs\ProcessEmails
[2021-01-19 22:43:36] Failed:     App\Jobs\ProcessEmails
[2021-01-19 22:43:36] Processing: App\Jobs\ProcessEmails
[2021-01-19 22:43:36] Failed:     App\Jobs\ProcessEmails
[2021-01-19 22:43:36] Processing: App\Jobs\ProcessEmails
[2021-01-19 22:43:36] Failed:     App\Jobs\ProcessEmails
[2021-01-19 22:43:36] Processing: App\Jobs\ProcessEmails
[2021-01-19 22:43:36] Failed:     App\Jobs\ProcessEmails
[2021-01-19 22:43:36] Processing: App\Jobs\ProcessEmails
[2021-01-19 22:43:36] Failed:     App\Jobs\ProcessEmails
[2021-01-19 22:43:36] Processing: App\Jobs\ProcessEmails
[2021-01-19 22:43:36] Failed:     App\Jobs\ProcessEmails
[2021-01-19 22:43:36] Processing: App\Jobs\ProcessEmails
[2021-01-19 22:43:36] Failed:     App\Jobs\ProcessEmails
[2021-01-19 22:43:36] Processing: App\Jobs\ProcessEmails
[2021-01-19 22:43:36] Failed:     App\Jobs\ProcessEmails
^C